{
  "stats": {
    "suites": 1,
    "tests": 1,
    "passes": 0,
    "pending": 1,
    "failures": 0,
    "start": "2020-09-24T13:45:49.541Z",
    "end": "2020-09-24T13:47:03.825Z",
    "duration": 74284,
    "testsRegistered": 2,
    "passPercent": 0,
    "pendingPercent": 50,
    "other": 1,
    "hasOther": true,
    "skipped": 1,
    "hasSkipped": true
  },
  "results": [
    {
      "uuid": "dbbd9b0a-ff10-4de4-848c-d2c213e63c05",
      "title": "",
      "fullFile": "cypress\\integration\\examples\\MouseOver.js",
      "file": "cypress\\integration\\examples\\MouseOver.js",
      "beforeHooks": [],
      "afterHooks": [],
      "tests": [],
      "suites": [
        {
          "uuid": "34743b35-71ad-4c8c-810d-789f46008a2c",
          "title": "Click on signup test",
          "fullFile": "",
          "file": "",
          "beforeHooks": [],
          "afterHooks": [],
          "tests": [
            {
              "title": "Verify file upload functionality ",
              "fullTitle": "Click on signup test Verify file upload functionality ",
              "timedOut": null,
              "duration": 0,
              "state": "pending",
              "speed": null,
              "pass": false,
              "fail": false,
              "pending": true,
              "context": null,
              "code": "",
              "err": {},
              "uuid": "a7c89c7c-86a6-4c20-8cce-4b2c11823b6c",
              "parentUUID": "34743b35-71ad-4c8c-810d-789f46008a2c",
              "isHook": false,
              "skipped": false
            },
            {
              "title": "Verify file upload functionality ",
              "fullTitle": "Click on signup test Verify file upload functionality ",
              "timedOut": null,
              "duration": 57630,
              "state": "failed",
              "speed": null,
              "pass": false,
              "fail": true,
              "pending": false,
              "context": null,
              "code": "cy.visit('http://automationpractice.com/index.php');\ncy.injectAxe();\ncy.title().should('eq', 'My Store');\ncy.get(\".button ajax_add_to_cart_button btn btn-default\").find().click;\ncy.get(\".cross\").click;\ncy.contains(\"Cart\").trigger(\"#button_order_cart\").click; // cy.contains(\"LOGIN/SIGNUP\").trigger(\"mouseover\")\n// cy.contains(\"SpiceClub Members\").trigger(\"mouseover\")\n// cy.contains(\"Signup\").click()\n// cy.checkA11y();",
              "err": {
                "message": "AssertionError: Timed out retrying: Expected to find element: `.button ajax_add_to_cart_button btn btn-default`, but never found it.",
                "estack": "AssertionError: Timed out retrying: Expected to find element: `.button ajax_add_to_cart_button btn btn-default`, but never found it.\n    at Context.eval (http://automationpractice.com/__cypress/tests?p=cypress\\integration\\examples\\MouseOver.js:114:8)",
                "diff": null
              },
              "uuid": "6fa7ffbc-0bfd-455b-876b-e7021fc2af50",
              "parentUUID": "34743b35-71ad-4c8c-810d-789f46008a2c",
              "isHook": false,
              "skipped": false
            }
          ],
          "suites": [],
          "passes": [],
          "failures": [
            "6fa7ffbc-0bfd-455b-876b-e7021fc2af50"
          ],
          "pending": [
            "a7c89c7c-86a6-4c20-8cce-4b2c11823b6c"
          ],
          "skipped": [],
          "duration": 57630,
          "root": false,
          "rootEmpty": false,
          "_timeout": 2000
        }
      ],
      "passes": [],
      "failures": [],
      "pending": [],
      "skipped": [],
      "duration": 0,
      "root": true,
      "rootEmpty": true,
      "_timeout": 2000
    }
  ],
  "meta": {
    "mocha": {
      "version": "7.0.1"
    },
    "mochawesome": {
      "options": {
        "quiet": false,
        "reportFilename": "mochawesome",
        "saveHtml": true,
        "saveJson": true,
        "consoleReporter": "spec",
        "useInlineDiffs": false,
        "code": true
      },
      "version": "6.1.1"
    },
    "marge": {
      "options": null,
      "version": "5.1.0"
    }
  }
}